[07-Nov-2017 14:03:42 UTC] PHP Warning:  require(block/formxinchao.php): failed to open stream: No such file or directory in /home/ubuntu/workspace/hangxachtay/examples/header.php on line 32
[07-Nov-2017 14:03:42 UTC] PHP Stack trace:
[07-Nov-2017 14:03:42 UTC] PHP   1. {main}() /home/ubuntu/workspace/hangxachtay/examples/category3.php:0
[07-Nov-2017 14:03:42 UTC] PHP   2. include() /home/ubuntu/workspace/hangxachtay/examples/category3.php:28
[07-Nov-2017 14:03:42 UTC] PHP Fatal error:  require(): Failed opening required 'block/formxinchao.php' (include_path='.:/usr/share/php:/usr/share/pear') in /home/ubuntu/workspace/hangxachtay/examples/header.php on line 32
[07-Nov-2017 14:03:42 UTC] PHP Stack trace:
[07-Nov-2017 14:03:42 UTC] PHP   1. {main}() /home/ubuntu/workspace/hangxachtay/examples/category3.php:0
[07-Nov-2017 14:03:42 UTC] PHP   2. include() /home/ubuntu/workspace/hangxachtay/examples/category3.php:28
[09-Nov-2017 12:57:28 UTC] PHP Fatal error:  Call to a member function fetch_assoc() on a non-object in /home/ubuntu/workspace/hangxachtay/examples/category3.php on line 87
[09-Nov-2017 12:57:28 UTC] PHP Stack trace:
[09-Nov-2017 12:57:28 UTC] PHP   1. {main}() /home/ubuntu/workspace/hangxachtay/examples/category3.php:0
[17-Nov-2017 12:28:52 UTC] PHP Warning:  filter_var() expects parameter 2 to be long, string given in /home/ubuntu/workspace/hangxachtay/examples/cart_process.php on line 13
[17-Nov-2017 12:28:52 UTC] PHP Stack trace:
[17-Nov-2017 12:28:52 UTC] PHP   1. {main}() /home/ubuntu/workspace/hangxachtay/examples/cart_process.php:0
[17-Nov-2017 12:28:52 UTC] PHP   2. filter_var() /home/ubuntu/workspace/hangxachtay/examples/cart_process.php:13
[17-Nov-2017 12:28:52 UTC] PHP Warning:  filter_var() expects parameter 2 to be long, string given in /home/ubuntu/workspace/hangxachtay/examples/cart_process.php on line 13
[17-Nov-2017 12:28:52 UTC] PHP Stack trace:
[17-Nov-2017 12:28:52 UTC] PHP   1. {main}() /home/ubuntu/workspace/hangxachtay/examples/cart_process.php:0
[17-Nov-2017 12:28:52 UTC] PHP   2. filter_var() /home/ubuntu/workspace/hangxachtay/examples/cart_process.php:13
[17-Nov-2017 12:28:52 UTC] PHP Warning:  filter_var() expects parameter 2 to be long, string given in /home/ubuntu/workspace/hangxachtay/examples/cart_process.php on line 13
[17-Nov-2017 12:28:52 UTC] PHP Stack trace:
[17-Nov-2017 12:28:52 UTC] PHP   1. {main}() /home/ubuntu/workspace/hangxachtay/examples/cart_process.php:0
[17-Nov-2017 12:28:52 UTC] PHP   2. filter_var() /home/ubuntu/workspace/hangxachtay/examples/cart_process.php:13
[17-Nov-2017 12:28:52 UTC] PHP Warning:  filter_var() expects parameter 2 to be long, string given in /home/ubuntu/workspace/hangxachtay/examples/cart_process.php on line 13
[17-Nov-2017 12:28:52 UTC] PHP Stack trace:
[17-Nov-2017 12:28:52 UTC] PHP   1. {main}() /home/ubuntu/workspace/hangxachtay/examples/cart_process.php:0
[17-Nov-2017 12:28:52 UTC] PHP   2. filter_var() /home/ubuntu/workspace/hangxachtay/examples/cart_process.php:13
[18-Nov-2017 10:39:45 UTC] PHP Warning:  Invalid argument supplied for foreach() in /home/ubuntu/workspace/hangxachtay/examples/cart_process.php on line 41
[18-Nov-2017 10:39:45 UTC] PHP Stack trace:
[18-Nov-2017 10:39:45 UTC] PHP   1. {main}() /home/ubuntu/workspace/hangxachtay/examples/cart_process.php:0
[18-Nov-2017 10:39:50 UTC] PHP Warning:  Invalid argument supplied for foreach() in /home/ubuntu/workspace/hangxachtay/examples/cart_process.php on line 41
[18-Nov-2017 10:39:50 UTC] PHP Stack trace:
[18-Nov-2017 10:39:50 UTC] PHP   1. {main}() /home/ubuntu/workspace/hangxachtay/examples/cart_process.php:0
[18-Nov-2017 10:42:40 UTC] PHP Warning:  Invalid argument supplied for foreach() in /home/ubuntu/workspace/hangxachtay/examples/cart_process.php on line 41
[18-Nov-2017 10:42:40 UTC] PHP Stack trace:
[18-Nov-2017 10:42:40 UTC] PHP   1. {main}() /home/ubuntu/workspace/hangxachtay/examples/cart_process.php:0
[18-Nov-2017 11:21:02 UTC] PHP Fatal error:  Call to a member function fetch_assoc() on a non-object in /home/ubuntu/workspace/hangxachtay/examples/view-cart.php on line 72
[18-Nov-2017 11:21:02 UTC] PHP Stack trace:
[18-Nov-2017 11:21:02 UTC] PHP   1. {main}() /home/ubuntu/workspace/hangxachtay/examples/view-cart.php:0
[18-Nov-2017 11:21:25 UTC] PHP Fatal error:  Call to a member function fetch_assoc() on a non-object in /home/ubuntu/workspace/hangxachtay/examples/view-cart.php on line 72
[18-Nov-2017 11:21:25 UTC] PHP Stack trace:
[18-Nov-2017 11:21:25 UTC] PHP   1. {main}() /home/ubuntu/workspace/hangxachtay/examples/view-cart.php:0
[18-Nov-2017 11:22:18 UTC] PHP Fatal error:  Call to a member function fetch_assoc() on a non-object in /home/ubuntu/workspace/hangxachtay/examples/view-cart.php on line 73
[18-Nov-2017 11:22:18 UTC] PHP Stack trace:
[18-Nov-2017 11:22:18 UTC] PHP   1. {main}() /home/ubuntu/workspace/hangxachtay/examples/view-cart.php:0
[18-Nov-2017 13:41:21 UTC] PHP Warning:  include(../hesder.php): failed to open stream: No such file or directory in /home/ubuntu/workspace/hangxachtay/examples/view-cart.php on line 32
[18-Nov-2017 13:41:21 UTC] PHP Stack trace:
[18-Nov-2017 13:41:21 UTC] PHP   1. {main}() /home/ubuntu/workspace/hangxachtay/examples/view-cart.php:0
[18-Nov-2017 13:41:21 UTC] PHP Warning:  include(): Failed opening '../hesder.php' for inclusion (include_path='.:/usr/share/php:/usr/share/pear') in /home/ubuntu/workspace/hangxachtay/examples/view-cart.php on line 32
[18-Nov-2017 13:41:21 UTC] PHP Stack trace:
[18-Nov-2017 13:41:21 UTC] PHP   1. {main}() /home/ubuntu/workspace/hangxachtay/examples/view-cart.php:0
[04-Dec-2017 14:49:52 UTC] PHP Fatal error:  Call to a member function fetch_assoc() on a non-object in /home/ubuntu/workspace/hangxachtay/examples/category3.php on line 87
[04-Dec-2017 14:49:52 UTC] PHP Stack trace:
[04-Dec-2017 14:49:52 UTC] PHP   1. {main}() /home/ubuntu/workspace/hangxachtay/examples/category3.php:0
[04-Dec-2017 14:57:57 UTC] PHP Fatal error:  Call to a member function fetch_assoc() on a non-object in /home/ubuntu/workspace/hangxachtay/examples/category3.php on line 87
[04-Dec-2017 14:57:57 UTC] PHP Stack trace:
[04-Dec-2017 14:57:57 UTC] PHP   1. {main}() /home/ubuntu/workspace/hangxachtay/examples/category3.php:0
[04-Dec-2017 15:00:12 UTC] PHP Fatal error:  Call to a member function fetch_assoc() on a non-object in /home/ubuntu/workspace/hangxachtay/examples/category3.php on line 87
[04-Dec-2017 15:00:12 UTC] PHP Stack trace:
[04-Dec-2017 15:00:12 UTC] PHP   1. {main}() /home/ubuntu/workspace/hangxachtay/examples/category3.php:0
